<?xml version="1.0" encoding="UTF-8"?>
<testng-results ignored="0" total="1" passed="1" failed="0" skipped="0">
  <reporter-output>
  </reporter-output>
  <suite started-at="2018-12-25T00:03:43Z" name="Suite" finished-at="2018-12-25T00:03:43Z" duration-ms="55">
    <groups>
    </groups>
    <test started-at="2018-12-25T00:03:43Z" name="Test" finished-at="2018-12-25T00:03:43Z" duration-ms="55">
      <class name="Demra.D1">
        <test-method signature="TestngTest()[pri:0, instance:Demra.D1@d35dea7]" started-at="2018-12-25T00:03:43Z" name="TestngTest" finished-at="2018-12-25T00:03:43Z" duration-ms="13" status="PASS">
          <reporter-output>
          </reporter-output>
        </test-method> <!-- TestngTest -->
      </class> <!-- Demra.D1 -->
    </test> <!-- Test -->
  </suite> <!-- Suite -->
</testng-results>
